2025-01-22 12:34:45 [main] INFO  org.hibernate.Version - HHH000412: Hibernate Core {5.4.1.Final} (Line: 46)
2025-01-22 12:34:45 [main] WARN  org.hibernate.orm.deprecation - HHH90000012: Recognized obsolete hibernate namespace http://hibernate.sourceforge.net/hibernate-configuration. Use namespace http://www.hibernate.org/dtd/hibernate-configuration instead.  Support for obsolete DTD/XSD namespaces may be removed at any time. (Line: 91)
2025-01-22 12:34:46 [main] INFO  org.hibernate.annotations.common.Version - HCANN000001: Hibernate Commons Annotations {5.1.0.Final} (Line: 49)
2025-01-22 12:34:46 [main] WARN  org.hibernate.orm.connections.pooling - HHH10001002: Using Hibernate built-in connection pool (not for production use!) (Line: 72)
2025-01-22 12:34:46 [main] INFO  org.hibernate.orm.connections.pooling - HHH10001005: using driver [com.mysql.cj.jdbc.Driver] at URL [jdbc:mysql://10.10.44.43:3306/ops_db] (Line: 115)
2025-01-22 12:34:46 [main] INFO  org.hibernate.orm.connections.pooling - HHH10001001: Connection properties: {user=root, password=****} (Line: 124)
2025-01-22 12:34:46 [main] INFO  org.hibernate.orm.connections.pooling - HHH10001003: Autocommit mode: false (Line: 129)
2025-01-22 12:34:46 [main] INFO  org.hibernate.engine.jdbc.connections.internal.DriverManagerConnectionProviderImpl - HHH000115: Hibernate connection pool size: 20 (min=1) (Line: 239)
2025-01-22 12:34:47 [main] INFO  org.hibernate.dialect.Dialect - HHH000400: Using dialect: org.hibernate.dialect.MySQLDialect (Line: 158)
2025-01-22 12:34:47 [main] INFO  org.hibernate.tuple.PojoInstantiator - HHH000182: No default (no-argument) constructor for class: com.corent.ticketbooking.Ticket (class must be instantiated by Interceptor) (Line: 47)
2025-01-22 12:35:11 [main] ERROR com.corent.ticketbooking.ManageTickets - An error occurred while listing tickets:  (Line: 101)
javax.persistence.PersistenceException: org.hibernate.InstantiationException: No default constructor for entity:  : com.corent.ticketbooking.Ticket
	at org.hibernate.internal.ExceptionConverterImpl.convert(ExceptionConverterImpl.java:154) ~[hibernate-core-5.4.1.Final.jar:5.4.1.Final]
	at org.hibernate.internal.ExceptionConverterImpl.convert(ExceptionConverterImpl.java:181) ~[hibernate-core-5.4.1.Final.jar:5.4.1.Final]
	at org.hibernate.query.internal.AbstractProducedQuery.list(AbstractProducedQuery.java:1538) ~[hibernate-core-5.4.1.Final.jar:5.4.1.Final]
	at org.hibernate.query.Query.getResultList(Query.java:168) ~[hibernate-core-5.4.1.Final.jar:5.4.1.Final]
	at com.corent.ticketbooking.ManageTickets.listTickets(ManageTickets.java:89) [classes/:?]
	at com.corent.ticketbooking.TicketBooking.main(TicketBooking.java:35) [classes/:?]
Caused by: org.hibernate.InstantiationException: No default constructor for entity:  : com.corent.ticketbooking.Ticket
	at org.hibernate.tuple.PojoInstantiator.instantiate(PojoInstantiator.java:85) ~[hibernate-core-5.4.1.Final.jar:5.4.1.Final]
	at org.hibernate.tuple.PojoInstantiator.instantiate(PojoInstantiator.java:105) ~[hibernate-core-5.4.1.Final.jar:5.4.1.Final]
	at org.hibernate.tuple.entity.AbstractEntityTuplizer.instantiate(AbstractEntityTuplizer.java:673) ~[hibernate-core-5.4.1.Final.jar:5.4.1.Final]
	at org.hibernate.persister.entity.AbstractEntityPersister.instantiate(AbstractEntityPersister.java:4948) ~[hibernate-core-5.4.1.Final.jar:5.4.1.Final]
	at org.hibernate.internal.SessionImpl.instantiate(SessionImpl.java:1722) ~[hibernate-core-5.4.1.Final.jar:5.4.1.Final]
	at org.hibernate.internal.SessionImpl.instantiate(SessionImpl.java:1706) ~[hibernate-core-5.4.1.Final.jar:5.4.1.Final]
	at org.hibernate.loader.Loader.instanceNotYetLoaded(Loader.java:1669) ~[hibernate-core-5.4.1.Final.jar:5.4.1.Final]
	at org.hibernate.loader.Loader.getRow(Loader.java:1567) ~[hibernate-core-5.4.1.Final.jar:5.4.1.Final]
	at org.hibernate.loader.Loader.getRowFromResultSet(Loader.java:731) ~[hibernate-core-5.4.1.Final.jar:5.4.1.Final]
	at org.hibernate.loader.Loader.processResultSet(Loader.java:990) ~[hibernate-core-5.4.1.Final.jar:5.4.1.Final]
	at org.hibernate.loader.Loader.doQuery(Loader.java:948) ~[hibernate-core-5.4.1.Final.jar:5.4.1.Final]
	at org.hibernate.loader.Loader.doQueryAndInitializeNonLazyCollections(Loader.java:340) ~[hibernate-core-5.4.1.Final.jar:5.4.1.Final]
	at org.hibernate.loader.Loader.doList(Loader.java:2695) ~[hibernate-core-5.4.1.Final.jar:5.4.1.Final]
	at org.hibernate.loader.Loader.doList(Loader.java:2678) ~[hibernate-core-5.4.1.Final.jar:5.4.1.Final]
	at org.hibernate.loader.Loader.listIgnoreQueryCache(Loader.java:2512) ~[hibernate-core-5.4.1.Final.jar:5.4.1.Final]
	at org.hibernate.loader.Loader.list(Loader.java:2507) ~[hibernate-core-5.4.1.Final.jar:5.4.1.Final]
	at org.hibernate.loader.hql.QueryLoader.list(QueryLoader.java:504) ~[hibernate-core-5.4.1.Final.jar:5.4.1.Final]
	at org.hibernate.hql.internal.ast.QueryTranslatorImpl.list(QueryTranslatorImpl.java:396) ~[hibernate-core-5.4.1.Final.jar:5.4.1.Final]
	at org.hibernate.engine.query.spi.HQLQueryPlan.performList(HQLQueryPlan.java:224) ~[hibernate-core-5.4.1.Final.jar:5.4.1.Final]
	at org.hibernate.internal.SessionImpl.list(SessionImpl.java:1538) ~[hibernate-core-5.4.1.Final.jar:5.4.1.Final]
	at org.hibernate.query.internal.AbstractProducedQuery.doList(AbstractProducedQuery.java:1561) ~[hibernate-core-5.4.1.Final.jar:5.4.1.Final]
	at org.hibernate.query.internal.AbstractProducedQuery.list(AbstractProducedQuery.java:1529) ~[hibernate-core-5.4.1.Final.jar:5.4.1.Final]
	... 3 more
